Сборка начата 01.10.2021 00:35:20.
Уровень детализации журнала: Normal.     1>Проект "e:\!ПОИТ\1\First\ОАиП\Лабы\Лабораторная работа 5\Основа 5-й лабораторной\Основа 5-й лабораторной\Основа 5-й лабораторной.vcxproj" в узле 2 (целевые объекты Build).
     1>InitializeBuildStatus:
         Создание "Debug\Основа 5.2b703ec5.tlog\unsuccessfulbuild", так как было задано "AlwaysCreate".
       ClCompile:
         E:\SOFT\Visual Studio\VC\Tools\MSVC\14.29.30037\bin\HostX86\x86\CL.exe /c /ZI /JMC /nologo /W3 /WX- /diagnostics:column /sdl /Od /Oy- /D WIN32 /D _DEBUG /D _CONSOLE /D _UNICODE /D UNICODE /Gm- /EHsc /RTC1 /MDd /GS /fp:precise /permissive- /Zc:wchar_t /Zc:forScope /Zc:inline /Fo"Debug\\" /Fd"Debug\vc142.pdb" /external:W3 /Gd /TP /analyze- /FC /errorReport:prompt "Основа 5-й лабораторной.cpp"
         Основа 5-й лабораторной.cpp
     1>e:\!ПОИТ\1\First\ОАиП\Лабы\Лабораторная работа 5\Основа 5-й лабораторной\Основа 5-й лабораторной\Основа 5-й лабораторной.cpp(3,1): warning C4326: возвращаемый тип "main" должен быть "int", а не "void"
     1>e:\!ПОИТ\1\First\ОАиП\Лабы\Лабораторная работа 5\Основа 5-й лабораторной\Основа 5-й лабораторной\Основа 5-й лабораторной.cpp(5,16): warning C4305: инициализация: усечение из "double" в "float"
     1>e:\!ПОИТ\1\First\ОАиП\Лабы\Лабораторная работа 5\Основа 5-й лабораторной\Основа 5-й лабораторной\Основа 5-й лабораторной.cpp(5,45): warning C4305: инициализация: усечение из "double" в "float"
     1>e:\!ПОИТ\1\First\ОАиП\Лабы\Лабораторная работа 5\Основа 5-й лабораторной\Основа 5-й лабораторной\Основа 5-й лабораторной.cpp(10,11): warning C4244: =: преобразование "double" в "float", возможна потеря данных
       Link:
         E:\SOFT\Visual Studio\VC\Tools\MSVC\14.29.30037\bin\HostX86\x86\link.exe /ERRORREPORT:PROMPT /OUT:"E:\!ПОИТ\1\First\ОАиП\Лабы\Лабораторная работа 5\Основа 5-й лабораторной\Debug\Основа 5-й лабораторной.exe" /INCREMENTAL /ILK:"Debug\Основа 5-й лабораторной.ilk" /NOLOGO kernel32.lib user32.lib gdi32.lib winspool.lib comdlg32.lib advapi32.lib shell32.lib ole32.lib oleaut32.lib uuid.lib odbc32.lib odbccp32.lib /MANIFEST /MANIFESTUAC:"level='asInvoker' uiAccess='false'" /manifest:embed /DEBUG /PDB:"E:\!ПОИТ\1\First\ОАиП\Лабы\Лабораторная работа 5\Основа 5-й лабораторной\Debug\Основа 5-й лабораторной.pdb" /SUBSYSTEM:CONSOLE /TLBID:1 /DYNAMICBASE /NXCOMPAT /IMPLIB:"E:\!ПОИТ\1\First\ОАиП\Лабы\Лабораторная работа 5\Основа 5-й лабораторной\Debug\Основа 5-й лабораторной.lib" /MACHINE:X86 "Debug\Основа 5-й лабораторной.obj"
         Основа 5-й лабораторной.vcxproj -> E:\!ПОИТ\1\First\ОАиП\Лабы\Лабораторная работа 5\Основа 5-й лабораторной\Debug\Основа 5-й лабораторной.exe
       FinalizeBuildStatus:
         Файл "Debug\Основа 5.2b703ec5.tlog\unsuccessfulbuild" удаляется.
         Обращение к "Debug\Основа 5.2b703ec5.tlog\Основа 5-й лабораторной.lastbuildstate".
     1>Сборка проекта "e:\!ПОИТ\1\First\ОАиП\Лабы\Лабораторная работа 5\Основа 5-й лабораторной\Основа 5-й лабораторной\Основа 5-й лабораторной.vcxproj" завершена (целевые объекты Build).

Сборка успешно завершена.

       "e:\!ПОИТ\1\First\ОАиП\Лабы\Лабораторная работа 5\Основа 5-й лабораторной\Основа 5-й лабораторной\Основа 5-й лабораторной.vcxproj" (целевой объект Build ) (1) ->
       (Целевой объект ClCompile) -> 
         e:\!ПОИТ\1\First\ОАиП\Лабы\Лабораторная работа 5\Основа 5-й лабораторной\Основа 5-й лабораторной\Основа 5-й лабораторной.cpp(3,1): warning C4326: возвращаемый тип "main" должен быть "int", а не "void"
         e:\!ПОИТ\1\First\ОАиП\Лабы\Лабораторная работа 5\Основа 5-й лабораторной\Основа 5-й лабораторной\Основа 5-й лабораторной.cpp(5,16): warning C4305: инициализация: усечение из "double" в "float"
         e:\!ПОИТ\1\First\ОАиП\Лабы\Лабораторная работа 5\Основа 5-й лабораторной\Основа 5-й лабораторной\Основа 5-й лабораторной.cpp(5,45): warning C4305: инициализация: усечение из "double" в "float"
         e:\!ПОИТ\1\First\ОАиП\Лабы\Лабораторная работа 5\Основа 5-й лабораторной\Основа 5-й лабораторной\Основа 5-й лабораторной.cpp(10,11): warning C4244: =: преобразование "double" в "float", возможна потеря данных

    Предупреждений: 4
    Ошибок: 0

Прошло времени 00:00:01.00
